2023-03-28 12:47:26,653 - INFO - trying to connect to B on port 6001
2023-03-28 12:47:26,654 - INFO - Listening on port 6004...
2023-03-28 12:47:27,031 - INFO - Connected by ('127.0.0.1', 52553)
2023-03-28 12:47:27,031 - DEBUG - Received data: [{"cost": 3.1, "nodes": ["B", "A"], "sequence_number": 1}, {"cost": 1.4, "nodes": ["B", "C"], "sequence_number": 1}, {"cost": 3.1, "nodes": ["B", "E"], "sequence_number": 1}, {"cost": 2.4, "nodes": ["B", "F"], "sequence_number": 1}]
2023-03-28 12:47:36,655 - INFO - trying to connect to B on port 6001
2023-03-28 12:47:37,544 - INFO - Connected by ('127.0.0.1', 52587)
2023-03-28 12:47:37,544 - DEBUG - Received data: [{"cost": 3.1, "nodes": ["B", "A"], "sequence_number": 2}, {"cost": 1.4, "nodes": ["B", "C"], "sequence_number": 2}, {"cost": 3.1, "nodes": ["B", "E"], "sequence_number": 2}, {"cost": 2.4, "nodes": ["B", "F"], "sequence_number": 2}, {"cost": 2.0, "nodes": ["F", "D"], "sequence_number": 1}, {"cost": 1.6, "nodes": ["F", "H"], "sequence_number": 1}, {"cost": Infinity, "nodes": ["C", "H"], "sequence_number": 2}, {"cost": 3.1, "nodes": ["H", "D"], "sequence_number": 1}, {"cost": 2.4, "nodes": ["H", "G"], "sequence_number": 1}, {"cost": Infinity, "nodes": ["A", "H"], "sequence_number": 2}, {"cost": Infinity, "nodes": ["A", "J"], "sequence_number": 2}, {"cost": 4.1, "nodes": ["J", "G"], "sequence_number": 1}, {"cost": 1.6, "nodes": ["J", "I"], "sequence_number": 1}]
2023-03-28 12:47:46,656 - INFO - trying to connect to B on port 6001
2023-03-28 12:47:47,546 - INFO - Connected by ('127.0.0.1', 52630)
2023-03-28 12:47:47,546 - DEBUG - Received data: [{"cost": 3.1, "nodes": ["B", "A"], "sequence_number": 3}, {"cost": 1.4, "nodes": ["B", "C"], "sequence_number": 3}, {"cost": 3.1, "nodes": ["B", "E"], "sequence_number": 3}, {"cost": 2.4, "nodes": ["B", "F"], "sequence_number": 3}, {"cost": 2.0, "nodes": ["F", "D"], "sequence_number": 2}, {"cost": 1.6, "nodes": ["F", "H"], "sequence_number": 2}, {"cost": 0.8, "nodes": ["D", "I"], "sequence_number": 1}, {"cost": 3.1, "nodes": ["H", "D"], "sequence_number": 2}, {"cost": 2.4, "nodes": ["H", "G"], "sequence_number": 2}, {"cost": 2.8, "nodes": ["G", "I"], "sequence_number": 1}, {"cost": 5.2, "nodes": ["C", "H"], "sequence_number": 3}, {"cost": 3.2, "nodes": ["A", "H"], "sequence_number": 3}, {"cost": 2.4, "nodes": ["A", "J"], "sequence_number": 3}, {"cost": 4.1, "nodes": ["J", "G"], "sequence_number": 2}, {"cost": 1.6, "nodes": ["J", "I"], "sequence_number": 2}]
2023-03-28 12:47:56,658 - INFO - trying to connect to B on port 6001
2023-03-28 12:47:57,549 - INFO - Connected by ('127.0.0.1', 52663)
2023-03-28 12:47:57,549 - DEBUG - Received data: [{"cost": 3.1, "nodes": ["B", "A"], "sequence_number": 4}, {"cost": 1.4, "nodes": ["B", "C"], "sequence_number": 4}, {"cost": 3.1, "nodes": ["B", "E"], "sequence_number": 4}, {"cost": 2.4, "nodes": ["B", "F"], "sequence_number": 4}, {"cost": 2.0, "nodes": ["F", "D"], "sequence_number": 3}, {"cost": 1.6, "nodes": ["F", "H"], "sequence_number": 3}, {"cost": 0.8, "nodes": ["D", "I"], "sequence_number": 2}, {"cost": 3.1, "nodes": ["H", "D"], "sequence_number": 3}, {"cost": 2.4, "nodes": ["H", "G"], "sequence_number": 3}, {"cost": 2.8, "nodes": ["G", "I"], "sequence_number": 2}, {"cost": 5.2, "nodes": ["C", "H"], "sequence_number": 4}, {"cost": 3.2, "nodes": ["A", "H"], "sequence_number": 4}, {"cost": 2.4, "nodes": ["A", "J"], "sequence_number": 4}, {"cost": 4.1, "nodes": ["J", "G"], "sequence_number": 3}, {"cost": 1.6, "nodes": ["J", "I"], "sequence_number": 3}]
2023-03-28 12:48:06,659 - INFO - trying to connect to B on port 6001
2023-03-28 12:48:07,551 - INFO - Connected by ('127.0.0.1', 52694)
2023-03-28 12:48:07,551 - DEBUG - Received data: [{"cost": 3.1, "nodes": ["B", "A"], "sequence_number": 5}, {"cost": 1.4, "nodes": ["B", "C"], "sequence_number": 5}, {"cost": 3.1, "nodes": ["B", "E"], "sequence_number": 5}, {"cost": 2.4, "nodes": ["B", "F"], "sequence_number": 5}, {"cost": 2.0, "nodes": ["F", "D"], "sequence_number": 4}, {"cost": 1.6, "nodes": ["F", "H"], "sequence_number": 4}, {"cost": 0.8, "nodes": ["D", "I"], "sequence_number": 3}, {"cost": 3.1, "nodes": ["H", "D"], "sequence_number": 4}, {"cost": 2.4, "nodes": ["H", "G"], "sequence_number": 4}, {"cost": 2.8, "nodes": ["G", "I"], "sequence_number": 3}, {"cost": 5.2, "nodes": ["C", "H"], "sequence_number": 5}, {"cost": 3.2, "nodes": ["A", "H"], "sequence_number": 5}, {"cost": 2.4, "nodes": ["A", "J"], "sequence_number": 5}, {"cost": 4.1, "nodes": ["J", "G"], "sequence_number": 4}, {"cost": 1.6, "nodes": ["J", "I"], "sequence_number": 4}]
2023-03-28 12:48:16,660 - INFO - trying to connect to B on port 6001
2023-03-28 12:48:17,553 - INFO - Connected by ('127.0.0.1', 52724)
2023-03-28 12:48:17,553 - DEBUG - Received data: [{"cost": 3.1, "nodes": ["B", "A"], "sequence_number": 6}, {"cost": 1.4, "nodes": ["B", "C"], "sequence_number": 6}, {"cost": 3.1, "nodes": ["B", "E"], "sequence_number": 6}, {"cost": 2.4, "nodes": ["B", "F"], "sequence_number": 6}, {"cost": 2.0, "nodes": ["F", "D"], "sequence_number": 5}, {"cost": 1.6, "nodes": ["F", "H"], "sequence_number": 5}, {"cost": 0.8, "nodes": ["D", "I"], "sequence_number": 4}, {"cost": 3.1, "nodes": ["H", "D"], "sequence_number": 5}, {"cost": 2.4, "nodes": ["H", "G"], "sequence_number": 5}, {"cost": 2.8, "nodes": ["G", "I"], "sequence_number": 4}, {"cost": 5.2, "nodes": ["C", "H"], "sequence_number": 6}, {"cost": 3.2, "nodes": ["A", "H"], "sequence_number": 6}, {"cost": 2.4, "nodes": ["A", "J"], "sequence_number": 6}, {"cost": 4.1, "nodes": ["J", "G"], "sequence_number": 5}, {"cost": 1.6, "nodes": ["J", "I"], "sequence_number": 5}]
2023-03-28 12:48:26,662 - INFO - trying to connect to B on port 6001
2023-03-28 12:48:27,556 - INFO - Connected by ('127.0.0.1', 52754)
2023-03-28 12:48:27,556 - DEBUG - Received data: [{"cost": 3.1, "nodes": ["B", "A"], "sequence_number": 7}, {"cost": 1.4, "nodes": ["B", "C"], "sequence_number": 7}, {"cost": 3.1, "nodes": ["B", "E"], "sequence_number": 7}, {"cost": 2.4, "nodes": ["B", "F"], "sequence_number": 7}, {"cost": 2.0, "nodes": ["F", "D"], "sequence_number": 6}, {"cost": 1.6, "nodes": ["F", "H"], "sequence_number": 6}, {"cost": 0.8, "nodes": ["D", "I"], "sequence_number": 5}, {"cost": 3.1, "nodes": ["H", "D"], "sequence_number": 6}, {"cost": 2.4, "nodes": ["H", "G"], "sequence_number": 6}, {"cost": 2.8, "nodes": ["G", "I"], "sequence_number": 5}, {"cost": 5.2, "nodes": ["C", "H"], "sequence_number": 7}, {"cost": 3.2, "nodes": ["A", "H"], "sequence_number": 7}, {"cost": 2.4, "nodes": ["A", "J"], "sequence_number": 7}, {"cost": 4.1, "nodes": ["J", "G"], "sequence_number": 6}, {"cost": 1.6, "nodes": ["J", "I"], "sequence_number": 6}]
2023-03-28 12:48:36,664 - INFO - trying to connect to B on port 6001
2023-03-28 12:48:46,665 - INFO - trying to connect to B on port 6001
2023-03-28 12:48:48,709 - ERROR - Connection was refused by node B
2023-03-28 12:48:58,710 - INFO - trying to connect to B on port 6001
2023-03-28 12:49:00,735 - ERROR - Connection was refused by node B
2023-03-28 12:49:10,736 - INFO - trying to connect to B on port 6001
2023-03-28 12:49:12,774 - ERROR - Connection was refused by node B
2023-03-28 12:49:22,775 - INFO - trying to connect to B on port 6001
2023-03-28 12:49:24,806 - ERROR - Connection was refused by node B
2023-03-28 12:49:34,807 - INFO - trying to connect to B on port 6001
2023-03-28 12:49:36,846 - ERROR - Connection was refused by node B
2023-03-28 12:49:46,847 - INFO - trying to connect to B on port 6001
2023-03-28 12:49:48,871 - ERROR - Connection was refused by node B
2023-03-28 12:49:58,872 - INFO - trying to connect to B on port 6001
2023-03-28 12:50:00,892 - ERROR - Connection was refused by node B
2023-03-28 12:50:10,892 - INFO - trying to connect to B on port 6001
2023-03-28 12:50:12,931 - ERROR - Connection was refused by node B
2023-03-28 12:50:22,932 - INFO - trying to connect to B on port 6001
2023-03-28 12:50:24,958 - ERROR - Connection was refused by node B
2023-03-28 12:50:34,959 - INFO - trying to connect to B on port 6001
2023-03-28 12:50:37,001 - ERROR - Connection was refused by node B
2023-03-28 12:50:47,001 - INFO - trying to connect to B on port 6001
2023-03-28 12:50:49,026 - ERROR - Connection was refused by node B
2023-03-28 12:50:59,026 - INFO - trying to connect to B on port 6001
2023-03-28 12:51:01,059 - ERROR - Connection was refused by node B
2023-03-28 12:51:11,059 - INFO - trying to connect to B on port 6001
2023-03-28 12:51:13,093 - ERROR - Connection was refused by node B
2023-03-28 12:51:23,094 - INFO - trying to connect to B on port 6001
2023-03-28 12:51:25,123 - ERROR - Connection was refused by node B
2023-03-28 12:51:35,124 - INFO - trying to connect to B on port 6001
2023-03-28 12:51:37,148 - ERROR - Connection was refused by node B
2023-03-28 12:51:47,149 - INFO - trying to connect to B on port 6001
2023-03-28 12:51:49,169 - ERROR - Connection was refused by node B
2023-03-28 12:51:59,170 - INFO - trying to connect to B on port 6001
2023-03-28 12:52:01,204 - ERROR - Connection was refused by node B
2023-03-28 12:52:11,204 - INFO - trying to connect to B on port 6001
2023-03-28 12:52:13,229 - ERROR - Connection was refused by node B
2023-03-28 12:52:23,230 - INFO - trying to connect to B on port 6001
2023-03-28 12:52:25,259 - ERROR - Connection was refused by node B
2023-03-28 12:52:35,260 - INFO - trying to connect to B on port 6001
2023-03-28 12:52:37,289 - ERROR - Connection was refused by node B
2023-03-28 12:52:47,290 - INFO - trying to connect to B on port 6001
2023-03-28 12:52:49,324 - ERROR - Connection was refused by node B
2023-03-28 12:52:59,325 - INFO - trying to connect to B on port 6001
2023-03-28 12:53:01,373 - ERROR - Connection was refused by node B
2023-03-28 12:53:11,373 - INFO - trying to connect to B on port 6001
2023-03-28 12:53:13,417 - ERROR - Connection was refused by node B
2023-03-28 12:53:23,418 - INFO - trying to connect to B on port 6001
2023-03-28 12:53:25,457 - ERROR - Connection was refused by node B
2023-03-28 12:53:35,458 - INFO - trying to connect to B on port 6001
2023-03-28 12:53:37,492 - ERROR - Connection was refused by node B
2023-03-28 12:53:47,492 - INFO - trying to connect to B on port 6001
2023-03-28 12:53:49,529 - ERROR - Connection was refused by node B
2023-03-28 12:53:59,530 - INFO - trying to connect to B on port 6001
2023-03-28 12:54:01,574 - ERROR - Connection was refused by node B
2023-03-28 12:54:11,575 - INFO - trying to connect to B on port 6001
2023-03-28 12:54:13,607 - ERROR - Connection was refused by node B
2023-03-28 12:54:23,607 - INFO - trying to connect to B on port 6001
2023-03-28 12:54:25,629 - ERROR - Connection was refused by node B
2023-03-28 12:54:35,630 - INFO - trying to connect to B on port 6001
2023-03-28 12:54:37,661 - ERROR - Connection was refused by node B
2023-03-28 12:54:47,661 - INFO - trying to connect to B on port 6001
2023-03-28 12:54:49,680 - ERROR - Connection was refused by node B
2023-03-28 12:54:59,681 - INFO - trying to connect to B on port 6001
2023-03-28 12:55:01,707 - ERROR - Connection was refused by node B
2023-03-28 12:55:11,708 - INFO - trying to connect to B on port 6001
2023-03-28 12:55:13,730 - ERROR - Connection was refused by node B
2023-03-28 12:55:23,730 - INFO - trying to connect to B on port 6001
2023-03-28 12:55:25,770 - ERROR - Connection was refused by node B
2023-03-28 12:55:35,771 - INFO - trying to connect to B on port 6001
2023-03-28 12:55:37,795 - ERROR - Connection was refused by node B
2023-03-28 12:55:47,796 - INFO - trying to connect to B on port 6001
2023-03-28 12:55:49,824 - ERROR - Connection was refused by node B
2023-03-28 12:55:59,825 - INFO - trying to connect to B on port 6001
2023-03-28 12:56:01,860 - ERROR - Connection was refused by node B
2023-03-28 12:56:11,860 - INFO - trying to connect to B on port 6001
2023-03-28 12:56:13,892 - ERROR - Connection was refused by node B
2023-03-28 12:56:23,893 - INFO - trying to connect to B on port 6001
2023-03-28 12:56:25,923 - ERROR - Connection was refused by node B
2023-03-28 12:56:35,923 - INFO - trying to connect to B on port 6001
2023-03-28 12:56:37,964 - ERROR - Connection was refused by node B
2023-03-28 12:56:47,964 - INFO - trying to connect to B on port 6001
2023-03-28 12:56:50,002 - ERROR - Connection was refused by node B
2023-03-28 12:57:00,002 - INFO - trying to connect to B on port 6001
2023-03-28 12:57:02,020 - ERROR - Connection was refused by node B
2023-03-28 12:57:12,021 - INFO - trying to connect to B on port 6001
2023-03-28 12:57:14,039 - ERROR - Connection was refused by node B
2023-03-28 12:57:24,040 - INFO - trying to connect to B on port 6001
2023-03-28 12:57:26,070 - ERROR - Connection was refused by node B
2023-03-28 12:57:36,071 - INFO - trying to connect to B on port 6001
2023-03-28 12:57:38,107 - ERROR - Connection was refused by node B
2023-03-28 12:57:48,107 - INFO - trying to connect to B on port 6001
2023-03-28 12:57:50,139 - ERROR - Connection was refused by node B
2023-03-28 12:58:00,140 - INFO - trying to connect to B on port 6001
2023-03-28 12:58:02,174 - ERROR - Connection was refused by node B
2023-03-28 12:58:12,175 - INFO - trying to connect to B on port 6001
2023-03-28 12:58:14,200 - ERROR - Connection was refused by node B
2023-03-28 12:58:24,201 - INFO - trying to connect to B on port 6001
2023-03-28 12:58:26,240 - ERROR - Connection was refused by node B
2023-03-28 12:58:36,241 - INFO - trying to connect to B on port 6001
2023-03-28 12:58:38,276 - ERROR - Connection was refused by node B
2023-03-28 12:58:48,277 - INFO - trying to connect to B on port 6001
2023-03-28 12:58:50,312 - ERROR - Connection was refused by node B
2023-03-28 12:59:00,312 - INFO - trying to connect to B on port 6001
2023-03-28 12:59:02,356 - ERROR - Connection was refused by node B
2023-03-28 12:59:12,356 - INFO - trying to connect to B on port 6001
2023-03-28 12:59:14,396 - ERROR - Connection was refused by node B
2023-03-28 12:59:24,396 - INFO - trying to connect to B on port 6001
2023-03-28 12:59:26,420 - ERROR - Connection was refused by node B
2023-03-28 12:59:36,421 - INFO - trying to connect to B on port 6001
2023-03-28 12:59:38,458 - ERROR - Connection was refused by node B
2023-03-28 12:59:48,459 - INFO - trying to connect to B on port 6001
2023-03-28 12:59:50,490 - ERROR - Connection was refused by node B
2023-03-28 13:00:00,490 - INFO - trying to connect to B on port 6001
2023-03-28 13:00:02,523 - ERROR - Connection was refused by node B
2023-03-28 13:00:12,524 - INFO - trying to connect to B on port 6001
2023-03-28 13:00:14,554 - ERROR - Connection was refused by node B
2023-03-28 13:00:24,555 - INFO - trying to connect to B on port 6001
2023-03-28 13:00:26,588 - ERROR - Connection was refused by node B
2023-03-28 13:00:36,589 - INFO - trying to connect to B on port 6001
2023-03-28 13:00:38,634 - ERROR - Connection was refused by node B
2023-03-28 13:00:48,635 - INFO - trying to connect to B on port 6001
2023-03-28 13:00:50,674 - ERROR - Connection was refused by node B
2023-03-28 13:01:00,674 - INFO - trying to connect to B on port 6001
2023-03-28 13:01:02,703 - ERROR - Connection was refused by node B
2023-03-28 13:01:12,704 - INFO - trying to connect to B on port 6001
2023-03-28 13:01:14,737 - ERROR - Connection was refused by node B
2023-03-28 13:01:17,739 - INFO - Received signal 2, quitting gracefully...
2023-03-28 13:01:18,760 - INFO - Listen thread has finished
